10.812447786331177
/home/usuaris/imatge/pau.lozano/tfg/PauTransformer/MusicTransformer-pytorch/dataset/maestro/MIDI-Unprocessed_057_PIANO057_MID--AUDIO-split_07-07-17_Piano-e_1-07_wav--4.midi
loading_inputs
about to predict
CONFIG_FILE_NAME = save.yml
batch_size = 8
condition_file = /home/usuaris/imatge/pau.lozano/tfg/PauTransformer/MusicTransformer-pytorch/dataset/maestro/MIDI-Unprocessed_057_PIANO057_MID--AUDIO-split_07-07-17_Piano-e_1-07_wav--4.midi
debug = true
device = cuda
dropout = 0.1
embedding_dim = 256
epochs = 1000
event_dim = 388
experiment = embedding256-layer6
fp16 = None
l_r = 0.001
label_smooth = 0.1
length = 4000
load_path = None
max_seq = 2048
num_layers = 6
pad_token = 388
pickle_dir = ../MusicTransformer/dataset/processed
save_path = /home/usuaris/imatge/pau.lozano/tfg/PauTransformer/MusicTransformer-pytorch/generations/generated.mid
threshold_len = 500
token_eos = 390
token_sos = 389
vocab_size = 391
4000
generation finished:
test, sorry
352
test, sorry
365
test, sorry
32
test, sorry
274
test, sorry
367
test, sorry
75
test, sorry
296
test, sorry
366
test, sorry
68
test, sorry
363
test, sorry
51
test, sorry
276
test, sorry
366
test, sorry
56
test, sorry
367
test, sorry
72
test, sorry
269
test, sorry
364
test, sorry
60
test, sorry
256
test, sorry
366
test, sorry
63
test, sorry
264
test, sorry
184
test, sorry
358
test, sorry
56
test, sorry
257
test, sorry
196
test, sorry
369
test, sorry
68
test, sorry
263
test, sorry
179
test, sorry
364
test, sorry
51
test, sorry
256
test, sorry
200
test, sorry
369
test, sorry
72
test, sorry
266
test, sorry
203
test, sorry
372
test, sorry
75
test, sorry
256
test, sorry
365
test, sorry
44
test, sorry
266
test, sorry
179
test, sorry
364
test, sorry
51
test, sorry
260
test, sorry
196
test, sorry
365
test, sorry
68
test, sorry
264
test, sorry
200
test, sorry
368
test, sorry
72
test, sorry
261
test, sorry
184
test, sorry
363
test, sorry
56
test, sorry
258
test, sorry
191
test, sorry
367
test, sorry
63
test, sorry
262
test, sorry
196
test, sorry
368
test, sorry
68
test, sorry
258
test, sorry
179
test, sorry
365
test, sorry
51
test, sorry
260
test, sorry
200
test, sorry
369
test, sorry
72
test, sorry
263
test, sorry
203
test, sorry
376
test, sorry
75
test, sorry
259
test, sorry
172
test, sorry
364
test, sorry
44
test, sorry
263
test, sorry
196
test, sorry
371
test, sorry
68
test, sorry
179
test, sorry
366
test, sorry
51
test, sorry
264
test, sorry
200
test, sorry
368
test, sorry
72
test, sorry
263
test, sorry
191
test, sorry
370
test, sorry
63
test, sorry
256
test, sorry
184
test, sorry
364
test, sorry
56
test, sorry
259
test, sorry
188
test, sorry
360
test, sorry
60
test, sorry
259
test, sorry
196
test, sorry
371
test, sorry
68
test, sorry
261
test, sorry
179
test, sorry
367
test, sorry
51
test, sorry
257
test, sorry
200
test, sorry
372
test, sorry
72
test, sorry
266
test, sorry
203
test, sorry
376
test, sorry
75
test, sorry
258
test, sorry
172
test, sorry
364
test, sorry
44
test, sorry
264
test, sorry
196
test, sorry
368
test, sorry
68
test, sorry
258
test, sorry
179
test, sorry
363
test, sorry
51
test, sorry
260
test, sorry
200
test, sorry
369
test, sorry
72
test, sorry
264
test, sorry
184
test, sorry
365
test, sorry
56
test, sorry
257
test, sorry
191
test, sorry
368
test, sorry
63
test, sorry
266
test, sorry
196
test, sorry
368
test, sorry
68
test, sorry
256
test, sorry
179
test, sorry
365
test, sorry
51
test, sorry
265
test, sorry
200
test, sorry
368
test, sorry
72
test, sorry
267
test, sorry
172
test, sorry
366
test, sorry
44
test, sorry
257
test, sorry
373
test, sorry
77
test, sorry
272
test, sorry
179
test, sorry
364
test, sorry
51
test, sorry
260
test, sorry
196
test, sorry
363
test, sorry
68
test, sorry
263
test, sorry
200
test, sorry
367
test, sorry
72
test, sorry
261
test, sorry
184
test, sorry
363
test, sorry
56
test, sorry
260
test, sorry
191
test, sorry
366
test, sorry
63
test, sorry
262
test, sorry
196
test, sorry
367
test, sorry
68
test, sorry
258
test, sorry
179
test, sorry
364
test, sorry
51
test, sorry
261
test, sorry
200
test, sorry
367
test, sorry
72
test, sorry
265
test, sorry
203
test, sorry
372
test, sorry
75
test, sorry
258
test, sorry
172
test, sorry
364
test, sorry
44
test, sorry
269
test, sorry
179
test, sorry
362
test, sorry
51
test, sorry
256
test, sorry
196
test, sorry
365
test, sorry
68
test, sorry
265
test, sorry
200
test, sorry
368
test, sorry
72
test, sorry
262
test, sorry
184
test, sorry
363
test, sorry
56
test, sorry
259
test, sorry
191
test, sorry
365
test, sorry
63
test, sorry
260
test, sorry
196
test, sorry
367
test, sorry
68
test, sorry
261
test, sorry
179
test, sorry
366
test, sorry
51
test, sorry
260
test, sorry
200
test, sorry
367
test, sorry
72
test, sorry
264
test, sorry
203
test, sorry
371
test, sorry
75
test, sorry
256
test, sorry
172
test, sorry
363
test, sorry
44
test, sorry
264
test, sorry
179
test, sorry
364
test, sorry
51
test, sorry
261
test, sorry
196
test, sorry
365
test, sorry
68
test, sorry
264
test, sorry
200
test, sorry
365
test, sorry
72
test, sorry
257
test, sorry
184
test, sorry
365
test, sorry
56
test, sorry
262
test, sorry
191
test, sorry
364
test, sorry
63
test, sorry
261
test, sorry
196
test, sorry
367
test, sorry
68
test, sorry
257
test, sorry
179
test, sorry
364
test, sorry
51
test, sorry
266
test, sorry
200
test, sorry
363
test, sorry
72
test, sorry
263
test, sorry
203
test, sorry
370
test, sorry
75
test, sorry
256
test, sorry
172
test, sorry
364
test, sorry
44
test, sorry
266
test, sorry
179
test, sorry
365
test, sorry
51
test, sorry
258
test, sorry
196
test, sorry
366
test, sorry
68
test, sorry
267
test, sorry
200
test, sorry
364
test, sorry
72
test, sorry
257
test, sorry
184
test, sorry
362
test, sorry
56
test, sorry
259
test, sorry
188
test, sorry
364
test, sorry
60
test, sorry
257
test, sorry
191
test, sorry
363
test, sorry
63
test, sorry
261
test, sorry
179
test, sorry
365
test, sorry
51
test, sorry
196
test, sorry
366
test, sorry
68
test, sorry
264
test, sorry
200
test, sorry
362
test, sorry
72
test, sorry
270
test, sorry
172
test, sorry
366
test, sorry
44
test, sorry
258
test, sorry
370
test, sorry
75
test, sorry
270
test, sorry
160
test, sorry
205
test, sorry
203
test, sorry
184
test, sorry
188
test, sorry
191
test, sorry
179
test, sorry
196
test, sorry
200
test, sorry
172
test, sorry
258
test, sorry
365
test, sorry
51
test, sorry
366
test, sorry
70
test, sorry
264
test, sorry
368
test, sorry
73
test, sorry
261
test, sorry
366
test, sorry
55
test, sorry
258
test, sorry
203
test, sorry
367
test, sorry
63
test, sorry
261
test, sorry
198
test, sorry
369
test, sorry
70
test, sorry
258
test, sorry
179
test, sorry
367
test, sorry
51
test, sorry
260
test, sorry
201
test, sorry
371
test, sorry
73
test, sorry
264
test, sorry
375
test, sorry
75
test, sorry
257
test, sorry
367
test, sorry
44
test, sorry
266
test, sorry
179
test, sorry
364
test, sorry
51
test, sorry
256
test, sorry
198
test, sorry
371
test, sorry
70
test, sorry
262
test, sorry
201
test, sorry
369
test, sorry
73
test, sorry
257
test, sorry
183
test, sorry
368
test, sorry
55
test, sorry
262
test, sorry
191
test, sorry
370
test, sorry
63
test, sorry
258
test, sorry
360
test, sorry
61
test, sorry
259
test, sorry
198
test, sorry
369
test, sorry
70
test, sorry
257
test, sorry
179
test, sorry
366
test, sorry
51
test, sorry
264
test, sorry
201
test, sorry
370
test, sorry
73
test, sorry
267
test, sorry
375
test, sorry
77
test, sorry
256
test, sorry
172
test, sorry
367
test, sorry
44
test, sorry
267
test, sorry
198
test, sorry
371
test, sorry
70
test, sorry
257
test, sorry
179
test, sorry
363
test, sorry
51
test, sorry
263
test, sorry
201
test, sorry
369
test, sorry
73
test, sorry
256
test, sorry
183
test, sorry
368
test, sorry
55
test, sorry
263
test, sorry
191
test, sorry
370
test, sorry
63
test, sorry
258
test, sorry
189
test, sorry
358
test, sorry
61
test, sorry
261
test, sorry
179
test, sorry
366
test, sorry
51
test, sorry
198
test, sorry
370
test, sorry
70
test, sorry
260
test, sorry
201
test, sorry
372
test, sorry
73
test, sorry
266
test, sorry
203
test, sorry
377
test, sorry
75
test, sorry
258
test, sorry
172
test, sorry
367
test, sorry
44
test, sorry
265
test, sorry
198
test, sorry
371
test, sorry
70
test, sorry
263
test, sorry
201
test, sorry
368
test, sorry
73
test, sorry
258
test, sorry
183
test, sorry
367
test, sorry
55
test, sorry
260
test, sorry
191
test, sorry
369
test, sorry
63
test, sorry
261
test, sorry
189
test, sorry
358
test, sorry
61
test, sorry
257
test, sorry
198
test, sorry
370
test, sorry
70
test, sorry
261
test, sorry
179
test, sorry
366
test, sorry
51
test, sorry
263
test, sorry
201
test, sorry
365
test, sorry
73
test, sorry
269
test, sorry
172
test, sorry
366
test, sorry
44
test, sorry
263
test, sorry
376
test, sorry
82
test, sorry
265
test, sorry
205
test, sorry
203
test, sorry
179
test, sorry
370
test, sorry
75
test, sorry
266
test, sorry
179
test, sorry
196
test, sorry
226
test, sorry
172
test, sorry
265
test, sorry
200
test, sorry
183
test, sorry
261
test, sorry
188
test, sorry
256
test, sorry
196
test, sorry
367
test, sorry
72
test, sorry
262
test, sorry
369
test, sorry
370
test, sorry
63
test, sorry
267
test, sorry
179
test, sorry
365
test, sorry
44
test, sorry
267
test, sorry
371
test, sorry
74
test, sorry
373
test, sorry
51
test, sorry
258
test, sorry
371
test, sorry
75
test, sorry
276
test, sorry
369
test, sorry
71
test, sorry
292
test, sorry
388
test, sorry
372
test, sorry
56
test, sorry
260
test, sorry
179
test, sorry
365
test, sorry
44
test, sorry
257
test, sorry
372
test, sorry
75
test, sorry
256
test, sorry
196
test, sorry
367
test, sorry
44
test, sorry
257
test, sorry
367
test, sorry
72
test, sorry
257
test, sorry
200
test, sorry
365
test, sorry
32
test, sorry
260
test, sorry
372
test, sorry
75
test, sorry
256
test, sorry
372
test, sorry
75
test, sorry
258
test, sorry
369
test, sorry
74
test, sorry
259
test, sorry
369
test, sorry
51
test, sorry
259
test, sorry
179
test, sorry
363
test, sorry
76
test, sorry
260
test, sorry
203
test, sorry
259
test, sorry
196
test, sorry
373
test, sorry
73
test, sorry
355
test, sorry
257
test, sorry
179
test, sorry
257
test, sorry
366
test, sorry
51
test, sorry
256
test, sorry
172
test, sorry
314
test, sorry
373
test, sorry
68
test, sorry
280
test, sorry
172
test, sorry
366
test, sorry
72
test, sorry
257
test, sorry
371
test, sorry
103
test, sorry
267
test, sorry
203
test, sorry
374
test, sorry
80
test, sorry
256
test, sorry
196
test, sorry
257
test, sorry
374
test, sorry
77
test, sorry
227
test, sorry
199
test, sorry
369
test, sorry
75
test, sorry
256
test, sorry
184
test, sorry
256
test, sorry
371
test, sorry
75
test, sorry
191
test, sorry
257
test, sorry
203
test, sorry
369
test, sorry
75
test, sorry
257
test, sorry
204
test, sorry
196
test, sorry
372
test, sorry
72
test, sorry
266
test, sorry
372
test, sorry
75
test, sorry
179
test, sorry
368
test, sorry
203
test, sorry
259
test, sorry
126
test, sorry
172
test, sorry
260
test, sorry
184
test, sorry
93
test, sorry
375
test, sorry
84
test, sorry
374
test, sorry
77
test, sorry
268
test, sorry
367
test, sorry
75
test, sorry
266
test, sorry
369
test, sorry
80
test, sorry
290
test, sorry
364
test, sorry
80
test, sorry
378
test, sorry
76
test, sorry
258
test, sorry
179
test, sorry
256
test, sorry
367
test, sorry
75
test, sorry
264
test, sorry
220
test, sorry
262
test, sorry
32
test, sorry
256
test, sorry
200
test, sorry
365
test, sorry
56
test, sorry
263
test, sorry
200
test, sorry
179
test, sorry
256
test, sorry
200
test, sorry
191
test, sorry
82
test, sorry
267
test, sorry
188
test, sorry
258
test, sorry
200
test, sorry
256
test, sorry
364
test, sorry
120
test, sorry
256
test, sorry
191
test, sorry
365
test, sorry
32
test, sorry
282
test, sorry
371
test, sorry
75
test, sorry
256
test, sorry
366
test, sorry
44
test, sorry
259
test, sorry
373
test, sorry
83
test, sorry
190
test, sorry
256
test, sorry
200
test, sorry
256
test, sorry
172
test, sorry
280
test, sorry
179
test, sorry
367
test, sorry
13
test, sorry
257
test, sorry
371
test, sorry
80
test, sorry
257
test, sorry
364
test, sorry
51
test, sorry
258
test, sorry
179
test, sorry
372
test, sorry
56
test, sorry
257
test, sorry
200
test, sorry
264
test, sorry
387
test, sorry
80
test, sorry
258
test, sorry
203
test, sorry
369
test, sorry
44
test, sorry
267
test, sorry
179
test, sorry
363
test, sorry
56
test, sorry
261
test, sorry
179
test, sorry
257
test, sorry
373
test, sorry
87
test, sorry
256
test, sorry
369
test, sorry
85
test, sorry
273
test, sorry
382
test, sorry
87
test, sorry
200
test, sorry
135
test, sorry
264
test, sorry
370
test, sorry
72
test, sorry
258
test, sorry
184
test, sorry
261
test, sorry
374
test, sorry
75
test, sorry
263
test, sorry
203
test, sorry
256
test, sorry
199
test, sorry
359
test, sorry
80
test, sorry
352
test, sorry
168
test, sorry
258
test, sorry
172
test, sorry
261
test, sorry
375
test, sorry
87
test, sorry
261
test, sorry
203
test, sorry
370
test, sorry
46
test, sorry
257
test, sorry
161
test, sorry
259
test, sorry
204
test, sorry
370
test, sorry
74
test, sorry
257
test, sorry
184
test, sorry
260
test, sorry
375
test, sorry
87
test, sorry
370
test, sorry
60
test, sorry
257
test, sorry
354
test, sorry
370
test, sorry
60
test, sorry
257
test, sorry
377
test, sorry
44
test, sorry
258
test, sorry
371
test, sorry
62
test, sorry
260
test, sorry
196
test, sorry
257
test, sorry
375
test, sorry
84
test, sorry
268
test, sorry
374
test, sorry
85
test, sorry
257
test, sorry
364
test, sorry
63
test, sorry
261
test, sorry
198
test, sorry
371
test, sorry
78
test, sorry
264
test, sorry
363
test, sorry
61
test, sorry
256
test, sorry
371
test, sorry
56
test, sorry
260
test, sorry
191
test, sorry
269
test, sorry
375
test, sorry
84
test, sorry
113
test, sorry
200
test, sorry
369
test, sorry
172
test, sorry
29
test, sorry
281
test, sorry
375
test, sorry
82
test, sorry
256
test, sorry
207
test, sorry
264
test, sorry
372
test, sorry
75
test, sorry
273
test, sorry
191
test, sorry
377
test, sorry
75
test, sorry
256
test, sorry
179
test, sorry
379
test, sorry
85
test, sorry
259
test, sorry
370
test, sorry
75
test, sorry
259
test, sorry
179
test, sorry
260
test, sorry
198
test, sorry
373
test, sorry
79
test, sorry
278
test, sorry
372
test, sorry
44
test, sorry
374
test, sorry
90
test, sorry
271
test, sorry
191
test, sorry
372
test, sorry
70
test, sorry
260
test, sorry
198
test, sorry
172
test, sorry
262
test, sorry
203
test, sorry
256
test, sorry
371
test, sorry
81
test, sorry
256
test, sorry
365
test, sorry
68
test, sorry
258
test, sorry
373
test, sorry
69
test, sorry
259
test, sorry
189
test, sorry
201
test, sorry
373
test, sorry
50
test, sorry
172
test, sorry
370
test, sorry
72
test, sorry
269
test, sorry
372
test, sorry
77
test, sorry
160
test, sorry
275
test, sorry
371
test, sorry
51
test, sorry
204
test, sorry
375
test, sorry
70
test, sorry
258
test, sorry
370
test, sorry
80
test, sorry
257
test, sorry
387
test, sorry
51
test, sorry
69
test, sorry
208
test, sorry
367
test, sorry
72
test, sorry
265
test, sorry
373
test, sorry
84
test, sorry
276
test, sorry
375
test, sorry
273
test, sorry
375
test, sorry
51
test, sorry
278
test, sorry
374
test, sorry
72
test, sorry
263
test, sorry
374
test, sorry
83
test, sorry
256
test, sorry
205
test, sorry
368
test, sorry
44
test, sorry
258
test, sorry
368
test, sorry
33
test, sorry
256
test, sorry
374
test, sorry
68
test, sorry
269
test, sorry
295
test, sorry
377
test, sorry
84
test, sorry
257
test, sorry
203
test, sorry
355
test, sorry
259
test, sorry
167
test, sorry
256
test, sorry
367
test, sorry
44
test, sorry
221
test, sorry
184
test, sorry
378
test, sorry
80
test, sorry
263
test, sorry
184
test, sorry
376
test, sorry
68
test, sorry
267
test, sorry
179
test, sorry
283
test, sorry
369
test, sorry
38
test, sorry
262
test, sorry
369
test, sorry
164
test, sorry
227
test, sorry
376
test, sorry
73
test, sorry
257
test, sorry
231
test, sorry
203
test, sorry
261
test, sorry
374
test, sorry
77
test, sorry
274
test, sorry
370
test, sorry
87
test, sorry
259
test, sorry
198
test, sorry
370
test, sorry
340
test, sorry
203
test, sorry
370
test, sorry
72
test, sorry
262
test, sorry
372
test, sorry
73
test, sorry
275
test, sorry
369
test, sorry
377
test, sorry
99
test, sorry
355
test, sorry
203
test, sorry
111
test, sorry
373
test, sorry
51
test, sorry
329
test, sorry
377
test, sorry
80
test, sorry
258
test, sorry
376
test, sorry
92
test, sorry
261
test, sorry
203
test, sorry
377
test, sorry
51
test, sorry
259
test, sorry
8
test, sorry
257
test, sorry
202
test, sorry
325
test, sorry
50
test, sorry
256
test, sorry
160
test, sorry
256
test, sorry
371
test, sorry
56
test, sorry
376
test, sorry
63
test, sorry
273
test, sorry
208
test, sorry
367
test, sorry
56
test, sorry
376
test, sorry
93
test, sorry
257
test, sorry
363
test, sorry
57
test, sorry
359
test, sorry
65
test, sorry
377
test, sorry
73
test, sorry
262
test, sorry
202
test, sorry
371
test, sorry
68
test, sorry
53
test, sorry
259
test, sorry
212
test, sorry
374
test, sorry
51
test, sorry
259
test, sorry
372
test, sorry
9
test, sorry
373
test, sorry
83
test, sorry
257
test, sorry
203
test, sorry
375
test, sorry
101
test, sorry
258
test, sorry
374
test, sorry
160
test, sorry
376
test, sorry
208
test, sorry
372
test, sorry
41
test, sorry
256
test, sorry
369
test, sorry
41
test, sorry
256
test, sorry
217
test, sorry
256
test, sorry
370
test, sorry
41
test, sorry
265
test, sorry
375
test, sorry
385
test, sorry
74
test, sorry
281
test, sorry
377
test, sorry
261
test, sorry
378
test, sorry
87
test, sorry
260
test, sorry
372
test, sorry
36
test, sorry
288
test, sorry
373
test, sorry
68
test, sorry
264
test, sorry
369
test, sorry
44
test, sorry
82
test, sorry
369
test, sorry
39
test, sorry
257
test, sorry
366
test, sorry
44
test, sorry
284
test, sorry
372
test, sorry
235
test, sorry
208
test, sorry
373
test, sorry
72
test, sorry
260
test, sorry
208
test, sorry
23
test, sorry
262
test, sorry
379
test, sorry
297
test, sorry
169
test, sorry
365
test, sorry
44
test, sorry
372
test, sorry
68
test, sorry
259
test, sorry
200
test, sorry
127
test, sorry
367
test, sorry
68
test, sorry
256
test, sorry
208
test, sorry
127
test, sorry
279
test, sorry
97
test, sorry
257
test, sorry
208
test, sorry
373
test, sorry
67
test, sorry
263
test, sorry
377
test, sorry
72
test, sorry
264
test, sorry
133
test, sorry
278
test, sorry
378
test, sorry
61
test, sorry
287
test, sorry
380
test, sorry
95
test, sorry
256
test, sorry
372
test, sorry
77
test, sorry
266
test, sorry
374
test, sorry
34
test, sorry
212
test, sorry
215
test, sorry
169
test, sorry
259
test, sorry
208
test, sorry
378
test, sorry
57
test, sorry
257
test, sorry
184
test, sorry
368
test, sorry
58
test, sorry
257
test, sorry
377
test, sorry
80
test, sorry
259
test, sorry
205
test, sorry
208
test, sorry
380
test, sorry
49
test, sorry
256
test, sorry
208
test, sorry
374
test, sorry
37
test, sorry
260
test, sorry
208
test, sorry
370
test, sorry
44
test, sorry
258
test, sorry
377
test, sorry
160
test, sorry
272
test, sorry
234
test, sorry
378
test, sorry
92
test, sorry
355
test, sorry
141
test, sorry
260
test, sorry
219
test, sorry
184
test, sorry
259
test, sorry
380
test, sorry
98
test, sorry
261
test, sorry
380
test, sorry
80
test, sorry
373
test, sorry
34
test, sorry
256
test, sorry
333
test, sorry
327
test, sorry
211
test, sorry
256
test, sorry
364
test, sorry
32
test, sorry
267
test, sorry
378
test, sorry
78
test, sorry
265
test, sorry
376
test, sorry
90
test, sorry
257
test, sorry
379
test, sorry
78
test, sorry
262
test, sorry
372
test, sorry
87
test, sorry
264
test, sorry
372
test, sorry
44
test, sorry
256
test, sorry
215
test, sorry
355
test, sorry
264
test, sorry
377
test, sorry
90
test, sorry
258
test, sorry
371
test, sorry
286
test, sorry
378
test, sorry
51
test, sorry
269
test, sorry
378
test, sorry
82
test, sorry
256
test, sorry
182
test, sorry
377
test, sorry
96
test, sorry
256
test, sorry
381
test, sorry
140
test, sorry
382
test, sorry
84
test, sorry
173
test, sorry
377
test, sorry
94
test, sorry
310
test, sorry
208
test, sorry
373
test, sorry
45
test, sorry
267
test, sorry
379
test, sorry
51
test, sorry
376
test, sorry
39
test, sorry
262
test, sorry
379
test, sorry
92
test, sorry
274
test, sorry
222
test, sorry
215
test, sorry
307
test, sorry
179
test, sorry
367
test, sorry
92
test, sorry
257
test, sorry
212
test, sorry
215
test, sorry
375
test, sorry
73
test, sorry
374
test, sorry
73
test, sorry
260
test, sorry
378
test, sorry
75
test, sorry
260
test, sorry
378
test, sorry
89
test, sorry
264
test, sorry
215
test, sorry
364
test, sorry
39
test, sorry
307
test, sorry
173
test, sorry
379
test, sorry
96
test, sorry
150
test, sorry
188
test, sorry
261
test, sorry
212
test, sorry
378
test, sorry
80
test, sorry
262
test, sorry
179
test, sorry
172
test, sorry
373
test, sorry
78
test, sorry
260
test, sorry
357
test, sorry
35
test, sorry
212
test, sorry
372
test, sorry
34
test, sorry
283
test, sorry
374
test, sorry
44
test, sorry
379
test, sorry
75
test, sorry
267
test, sorry
375
test, sorry
84
test, sorry
178
test, sorry
377
test, sorry
41
test, sorry
279
test, sorry
378
test, sorry
75
test, sorry
259
test, sorry
212
test, sorry
370
test, sorry
80
test, sorry
381
test, sorry
101
test, sorry
279
test, sorry
371
test, sorry
34
test, sorry
259
test, sorry
374
test, sorry
84
test, sorry
276
test, sorry
196
test, sorry
376
test, sorry
101
test, sorry
271
test, sorry
212
test, sorry
139
test, sorry
368
test, sorry
31
test, sorry
375
test, sorry
94
test, sorry
258
test, sorry
217
test, sorry
378
test, sorry
61
test, sorry
256
test, sorry
164
test, sorry
376
test, sorry
73
test, sorry
257
test, sorry
157
test, sorry
210
test, sorry
181
test, sorry
368
test, sorry
37
test, sorry
355
test, sorry
259
test, sorry
377
test, sorry
94
test, sorry
281
test, sorry
222
test, sorry
380
test, sorry
91
test, sorry
277
test, sorry
372
test, sorry
361
test, sorry
92
test, sorry
374
test, sorry
82
test, sorry
259
test, sorry
379
test, sorry
82
test, sorry
269
test, sorry
40
test, sorry
378
test, sorry
91
test, sorry
276
test, sorry
198
test, sorry
362
test, sorry
346
test, sorry
373
test, sorry
113
test, sorry
375
test, sorry
60
test, sorry
258
test, sorry
379
test, sorry
120
test, sorry
46
test, sorry
286
test, sorry
72
test, sorry
261
test, sorry
367
test, sorry
77
test, sorry
260
test, sorry
380
test, sorry
39
test, sorry
264
test, sorry
375
test, sorry
89
test, sorry
256
test, sorry
168
test, sorry
369
test, sorry
44
test, sorry
278
test, sorry
373
test, sorry
44
test, sorry
284
test, sorry
198
test, sorry
383
test, sorry
54
test, sorry
257
test, sorry
377
test, sorry
89
test, sorry
212
test, sorry
373
test, sorry
318
test, sorry
220
test, sorry
380
test, sorry
77
test, sorry
266
test, sorry
179
test, sorry
362
test, sorry
44
test, sorry
280
test, sorry
162
test, sorry
377
test, sorry
91
test, sorry
259
test, sorry
379
test, sorry
90
test, sorry
265
test, sorry
215
test, sorry
378
test, sorry
179
test, sorry
172
test, sorry
381
test, sorry
95
test, sorry
293
test, sorry
377
test, sorry
277
test, sorry
377
test, sorry
93
test, sorry
378
test, sorry
96
test, sorry
264
test, sorry
381
test, sorry
77
test, sorry
256
test, sorry
377
test, sorry
96
test, sorry
355
test, sorry
300
test, sorry
220
test, sorry
38
test, sorry
265
test, sorry
378
test, sorry
99
test, sorry
257
test, sorry
254
test, sorry
377
test, sorry
82
test, sorry
268
test, sorry
201
test, sorry
379
test, sorry
125
test, sorry
31
test, sorry
70
test, sorry
259
test, sorry
168
test, sorry
368
test, sorry
65
test, sorry
261
test, sorry
377
test, sorry
94
test, sorry
275
test, sorry
166
test, sorry
217
test, sorry
377
test, sorry
75
test, sorry
259
test, sorry
222
test, sorry
185
test, sorry
382
test, sorry
101
test, sorry
272
test, sorry
373
test, sorry
39
test, sorry
259
test, sorry
196
test, sorry
109
test, sorry
375
test, sorry
94
test, sorry
279
test, sorry
162
test, sorry
374
test, sorry
37
test, sorry
179
test, sorry
379
test, sorry
82
test, sorry
370
test, sorry
32
test, sorry
257
test, sorry
179
test, sorry
381
test, sorry
89
test, sorry
281
test, sorry
179
test, sorry
375
test, sorry
89
test, sorry
257
test, sorry
381
test, sorry
75
test, sorry
257
test, sorry
374
test, sorry
30
test, sorry
378
test, sorry
90
test, sorry
265
test, sorry
376
test, sorry
90
test, sorry
374
test, sorry
92
test, sorry
256
test, sorry
368
test, sorry
32
test, sorry
290
test, sorry
376
test, sorry
89
test, sorry
85
test, sorry
272
test, sorry
172
test, sorry
227
test, sorry
380
test, sorry
72
test, sorry
280
test, sorry
172
test, sorry
369
test, sorry
89
test, sorry
362
test, sorry
72
test, sorry
287
test, sorry
205
test, sorry
380
test, sorry
95
test, sorry
277
test, sorry
152
test, sorry
377
test, sorry
85
test, sorry
274
test, sorry
164
test, sorry
291
test, sorry
170
test, sorry
179
test, sorry
376
test, sorry
39
test, sorry
315
test, sorry
375
test, sorry
32
test, sorry
257
test, sorry
378
test, sorry
94
test, sorry
355
test, sorry
271
test, sorry
139
test, sorry
174
test, sorry
257
test, sorry
167
test, sorry
377
test, sorry
41
test, sorry
220
test, sorry
363
test, sorry
37
test, sorry
170
test, sorry
200
test, sorry
265
test, sorry
378
test, sorry
96
test, sorry
318
test, sorry
368
test, sorry
135
test, sorry
266
test, sorry
216
test, sorry
377
test, sorry
44
test, sorry
294
test, sorry
55
test, sorry
284
test, sorry
219
test, sorry
166
test, sorry
167
test, sorry
220
test, sorry
378
test, sorry
42
test, sorry
268
test, sorry
378
test, sorry
94
test, sorry
306
test, sorry
372
test, sorry
92
test, sorry
368
test, sorry
36
test, sorry
283
test, sorry
162
test, sorry
376
test, sorry
101
test, sorry
262
test, sorry
158
test, sorry
378
test, sorry
49
test, sorry
275
test, sorry
371
test, sorry
61
test, sorry
271
test, sorry
232
test, sorry
221
test, sorry
182
test, sorry
376
test, sorry
89
test, sorry
284
test, sorry
133
test, sorry
164
test, sorry
377
test, sorry
85
test, sorry
258
test, sorry
212
test, sorry
378
test, sorry
190
test, sorry
375
test, sorry
32
test, sorry
377
test, sorry
87
test, sorry
260
test, sorry
366
test, sorry
44
test, sorry
280
test, sorry
380
test, sorry
96
test, sorry
259
test, sorry
217
test, sorry
375
test, sorry
44
test, sorry
274
test, sorry
380
test, sorry
92
test, sorry
256
test, sorry
376
test, sorry
51
test, sorry
281
test, sorry
367
test, sorry
43
test, sorry
162
test, sorry
381
test, sorry
51
test, sorry
287
test, sorry
377
test, sorry
46
test, sorry
317
test, sorry
366
test, sorry
37
test, sorry
302
test, sorry
222
test, sorry
186
test, sorry
370
test, sorry
307
test, sorry
172
test, sorry
224
test, sorry
217
test, sorry
216
test, sorry
369
test, sorry
48
test, sorry
256
test, sorry
376
test, sorry
39
test, sorry
14
test, sorry
354
test, sorry
172
test, sorry
380
test, sorry
98
test, sorry
259
test, sorry
215
test, sorry
364
test, sorry
39
test, sorry
257
test, sorry
375
test, sorry
87
test, sorry
186
test, sorry
374
test, sorry
97
test, sorry
264
test, sorry
377
test, sorry
97
test, sorry
263
test, sorry
220
test, sorry
380
test, sorry
36
test, sorry
303
test, sorry
160
test, sorry
380
test, sorry
92
test, sorry
293
test, sorry
203
test, sorry
376
test, sorry
325
test, sorry
217
test, sorry
369
test, sorry
65
test, sorry
278
test, sorry
377
test, sorry
98
test, sorry
257
test, sorry
219
test, sorry
382
test, sorry
77
test, sorry
137
test, sorry
217
test, sorry
74
test, sorry
372
test, sorry
77
test, sorry
318
test, sorry
13
test, sorry
361
test, sorry
95
test, sorry
303
test, sorry
290
test, sorry
374
test, sorry
44
test, sorry
257
test, sorry
377
test, sorry
50
test, sorry
261
test, sorry
377
test, sorry
46
test, sorry
260
test, sorry
165
test, sorry
384
test, sorry
41
test, sorry
217
test, sorry
373
test, sorry
44
test, sorry
272
test, sorry
225
test, sorry
134
test, sorry
389
test, sorry
41
test, sorry
345
test, sorry
172
test, sorry
381
test, sorry
92
test, sorry
286
test, sorry
167
test, sorry
375
test, sorry
94
test, sorry
230
test, sorry
378
test, sorry
94
test, sorry
371
test, sorry
96
test, sorry
379
test, sorry
96
test, sorry
303
test, sorry
382
test, sorry
92
test, sorry
295
test, sorry
160
test, sorry
358
test, sorry
42
test, sorry
272
test, sorry
167
test, sorry
373
test, sorry
99
test, sorry
257
test, sorry
377
test, sorry
34
test, sorry
292
test, sorry
377
test, sorry
37
test, sorry
297
test, sorry
349
test, sorry
160
test, sorry
379
test, sorry
92
test, sorry
256
test, sorry
198
test, sorry
381
test, sorry
92
test, sorry
259
test, sorry
169
test, sorry
376
test, sorry
62
test, sorry
261
test, sorry
165
test, sorry
284
test, sorry
207
test, sorry
377
test, sorry
27
test, sorry
353
test, sorry
220
test, sorry
376
test, sorry
89
test, sorry
256
test, sorry
223
test, sorry
380
test, sorry
212
test, sorry
373
test, sorry
137
test, sorry
371
test, sorry
34
test, sorry
260
test, sorry
176
test, sorry
224
test, sorry
379
test, sorry
84
test, sorry
288
test, sorry
174
test, sorry
380
test, sorry
98
test, sorry
269
test, sorry
229
test, sorry
223
test, sorry
378
test, sorry
92
test, sorry
316
test, sorry
379
test, sorry
56
test, sorry
280
test, sorry
380
test, sorry
92
test, sorry
381
test, sorry
70
test, sorry
278
test, sorry
189
test, sorry
378
test, sorry
89
test, sorry
292
test, sorry
161
test, sorry
377
test, sorry
92
test, sorry
261
test, sorry
364
test, sorry
32
test, sorry
220
test, sorry
377
test, sorry
87
test, sorry
303
test, sorry
220
test, sorry
381
test, sorry
100
test, sorry
319
test, sorry
224
test, sorry
380
test, sorry
349
test, sorry
161
test, sorry
379
test, sorry
66
test, sorry
281
test, sorry
367
test, sorry
34
test, sorry
222
test, sorry
217
test, sorry
381
test, sorry
31
test, sorry
257
test, sorry
210
test, sorry
376
test, sorry
94
test, sorry
281
test, sorry
210
test, sorry
376
test, sorry
32
test, sorry
216
test, sorry
360
test, sorry
34
test, sorry
378
test, sorry
51
test, sorry
270
test, sorry
227
test, sorry
378
test, sorry
61
test, sorry
355
test, sorry
283
test, sorry
160
test, sorry
229
test, sorry
379
test, sorry
100
test, sorry
272
test, sorry
171
test, sorry
379
test, sorry
92
test, sorry
256
test, sorry
218
test, sorry
378
test, sorry
87
test, sorry
239
test, sorry
217
test, sorry
375
test, sorry
32
test, sorry
266
test, sorry
183
test, sorry
371
test, sorry
57
test, sorry
257
test, sorry
217
test, sorry
375
test, sorry
89
test, sorry
256
test, sorry
160
test, sorry
377
test, sorry
176
test, sorry
217
test, sorry
210
test, sorry
375
test, sorry
34
test, sorry
375
test, sorry
32
test, sorry
295
test, sorry
368
test, sorry
41
test, sorry
250
test, sorry
98
test, sorry
355
test, sorry
388
test, sorry
362
test, sorry
37
test, sorry
284
test, sorry
203
test, sorry
167
test, sorry
190
test, sorry
288
test, sorry
376
test, sorry
87
test, sorry
260
test, sorry
229
test, sorry
20
test, sorry
272
test, sorry
381
test, sorry
70
test, sorry
376
test, sorry
203
test, sorry
229
test, sorry
167
test, sorry
375
test, sorry
51
test, sorry
256
test, sorry
217
test, sorry
375
test, sorry
29
test, sorry
317
test, sorry
215
test, sorry
376
test, sorry
34
test, sorry
172
test, sorry
376
test, sorry
100
test, sorry
378
test, sorry
103
test, sorry
355
test, sorry
355
test, sorry
268
test, sorry
17
test, sorry
167
test, sorry
379
test, sorry
99
test, sorry
377
test, sorry
91
test, sorry
355
test, sorry
266
test, sorry
253
test, sorry
224
test, sorry
377
test, sorry
87
test, sorry
210
test, sorry
222
test, sorry
375
test, sorry
32
test, sorry
279
test, sorry
380
test, sorry
68
test, sorry
355
test, sorry
25
test, sorry
165
test, sorry
343
test, sorry
158
test, sorry
376
test, sorry
39
test, sorry
321
test, sorry
160
test, sorry
16
test, sorry
222
test, sorry
378
test, sorry
68
test, sorry
297
test, sorry
220
test, sorry
372
test, sorry
39
test, sorry
266
test, sorry
162
test, sorry
379
test, sorry
92
test, sorry
310
test, sorry
369
test, sorry
291
test, sorry
212
test, sorry
162
test, sorry
374
test, sorry
99
test, sorry
377
test, sorry
39
test, sorry
336
test, sorry
162
test, sorry
217
test, sorry
369
test, sorry
87
test, sorry
275
test, sorry
375
test, sorry
134
test, sorry
65
test, sorry
307
test, sorry
172
test, sorry
380
test, sorry
44
test, sorry
309
test, sorry
370
test, sorry
99
test, sorry
281
test, sorry
378
test, sorry
77
test, sorry
271
test, sorry
358
test, sorry
83
test, sorry
319
test, sorry
368
test, sorry
28
test, sorry
153
test, sorry
377
test, sorry
39
test, sorry
340
test, sorry
160
test, sorry
379
test, sorry
327
test, sorry
372
test, sorry
34
test, sorry
297
test, sorry
382
test, sorry
87
test, sorry
344
test, sorry
377
test, sorry
44
test, sorry
333
test, sorry
172
test, sorry
378
test, sorry
314
test, sorry
368
test, sorry
35
test, sorry
379
test, sorry
44
test, sorry
279
test, sorry
172
test, sorry
310
test, sorry
378
test, sorry
32
test, sorry
313
test, sorry
370
test, sorry
32
test, sorry
160
test, sorry
375
test, sorry
272
test, sorry
169
test, sorry
378
test, sorry
160
test, sorry
373
test, sorry
31
test, sorry
372
test, sorry
98
test, sorry
379
test, sorry
89
test, sorry
346
test, sorry
179
test, sorry
381
test, sorry
28
test, sorry
67
test, sorry
374
test, sorry
279
test, sorry
213
test, sorry
377
test, sorry
382
test, sorry
96
test, sorry
355
test, sorry
262
test, sorry
376
test, sorry
41
test, sorry
294
test, sorry
376
test, sorry
34
test, sorry
295
test, sorry
176
test, sorry
380
test, sorry
101
test, sorry
155
test, sorry
377
test, sorry
84
test, sorry
272
test, sorry
382
test, sorry
56
test, sorry
307
test, sorry
172
test, sorry
368
test, sorry
44
test, sorry
256
test, sorry
162
test, sorry
379
test, sorry
94
test, sorry
162
test, sorry
370
test, sorry
32
test, sorry
256
test, sorry
162
test, sorry
375
test, sorry
97
test, sorry
284
test, sorry
125
test, sorry
349
test, sorry
368
test, sorry
32
test, sorry
260
test, sorry
367
test, sorry
215
test, sorry
372
test, sorry
269
test, sorry
172
test, sorry
369
test, sorry
39
test, sorry
317
test, sorry
309
test, sorry
160
test, sorry
172
test, sorry
378
test, sorry
43
test, sorry
170
test, sorry
255
test, sorry
56
test, sorry
43
test, sorry
350
test, sorry
368
test, sorry
32
test, sorry
155
test, sorry
374
test, sorry
53
test, sorry
290
test, sorry
179
test, sorry
382
test, sorry
44
test, sorry
258
test, sorry
162
test, sorry
369
test, sorry
34
test, sorry
257
test, sorry
160
test, sorry
378
test, sorry
39
test, sorry
119
test, sorry
365
test, sorry
39
test, sorry
310
test, sorry
162
test, sorry
194
test, sorry
378
test, sorry
32
test, sorry
355
test, sorry
288
test, sorry
370
test, sorry
15
test, sorry
379
test, sorry
92
test, sorry
380
test, sorry
89
test, sorry
347
test, sorry
166
test, sorry
379
test, sorry
86
test, sorry
355
test, sorry
229
test, sorry
372
test, sorry
35
test, sorry
381
test, sorry
34
test, sorry
315
test, sorry
368
test, sorry
34
test, sorry
259
test, sorry
377
test, sorry
37
test, sorry
265
test, sorry
222
test, sorry
382
test, sorry
44
test, sorry
317
test, sorry
220
test, sorry
167
test, sorry
381
test, sorry
25
test, sorry
205
test, sorry
382
test, sorry
41
test, sorry
292
test, sorry
134
test, sorry
44
test, sorry
371
test, sorry
162
test, sorry
379
test, sorry
39
test, sorry
383
test, sorry
96
test, sorry
375
test, sorry
34
test, sorry
374
test, sorry
32
test, sorry
256
test, sorry
378
test, sorry
47
test, sorry
371
test, sorry
89
test, sorry
355
test, sorry
287
test, sorry
172
test, sorry
374
test, sorry
312
test, sorry
380
test, sorry
43
test, sorry
285
test, sorry
172
test, sorry
374
test, sorry
43
test, sorry
262
test, sorry
162
test, sorry
370
test, sorry
87
test, sorry
257
test, sorry
373
test, sorry
94
test, sorry
309
test, sorry
227
test, sorry
379
test, sorry
82
test, sorry
267
test, sorry
162
test, sorry
371
test, sorry
32
test, sorry
86
test, sorry
293
test, sorry
319
test, sorry
222
test, sorry
381
test, sorry
82
test, sorry
330
test, sorry
191
test, sorry
380
test, sorry
32
test, sorry
371
test, sorry
246
test, sorry
373
test, sorry
96
test, sorry
332
test, sorry
181
test, sorry
196
test, sorry
215
test, sorry
219
test, sorry
163
test, sorry
162
test, sorry
379
test, sorry
63
test, sorry
273
test, sorry
160
test, sorry
367
test, sorry
33
test, sorry
313
test, sorry
162
test, sorry
160
test, sorry
162
test, sorry
372
test, sorry
157
test, sorry
160
test, sorry
378
test, sorry
109
test, sorry
370
test, sorry
37
test, sorry
323
test, sorry
370
test, sorry
164
test, sorry
380
test, sorry
91
test, sorry
127
test, sorry
374
test, sorry
34
test, sorry
227
test, sorry
217
test, sorry
179
test, sorry
374
test, sorry
33
test, sorry
285
test, sorry
116
test, sorry
380
test, sorry
89
test, sorry
64
test, sorry
323
test, sorry
376
test, sorry
88
test, sorry
285
test, sorry
184
test, sorry
379
test, sorry
39
test, sorry
267
test, sorry
373
test, sorry
96
test, sorry
167
test, sorry
376
test, sorry
94
test, sorry
375
test, sorry
95
test, sorry
367
test, sorry
31
test, sorry
309
test, sorry
366
test, sorry
32
test, sorry
213
test, sorry
381
test, sorry
72
test, sorry
318
test, sorry
381
test, sorry
32
test, sorry
288
test, sorry
377
test, sorry
33
test, sorry
377
test, sorry
280
test, sorry
374
test, sorry
75
test, sorry
269
test, sorry
380
test, sorry
88
test, sorry
325
test, sorry
367
test, sorry
29
test, sorry
258
test, sorry
162
test, sorry
374
test, sorry
28
test, sorry
281
test, sorry
160
test, sorry
378
test, sorry
77
test, sorry
164
test, sorry
367
test, sorry
37
test, sorry
256
test, sorry
369
test, sorry
44
test, sorry
162
test, sorry
381
test, sorry
73
test, sorry
355
test, sorry
355
test, sorry
4
test, sorry
373
test, sorry
39
test, sorry
302
test, sorry
160
test, sorry
136
test, sorry
379
test, sorry
39
test, sorry
343
test, sorry
168
test, sorry
193
test, sorry
380
test, sorry
77
test, sorry
326
test, sorry
167
test, sorry
377
test, sorry
255
test, sorry
285
test, sorry
165
test, sorry
373
test, sorry
145
test, sorry
256
test, sorry
380
test, sorry
215
test, sorry
381
test, sorry
39
test, sorry
309
test, sorry
160
test, sorry
377
test, sorry
157
test, sorry
381
test, sorry
140
test, sorry
193
test, sorry
259
test, sorry
167
test, sorry
379
test, sorry
89
test, sorry
157
test, sorry
159
test, sorry
179
test, sorry
217
test, sorry
380
test, sorry
34
test, sorry
280
test, sorry
167
test, sorry
370
test, sorry
41
test, sorry
94
test, sorry
303
test, sorry
369
test, sorry
60
test, sorry
293
test, sorry
167
test, sorry
135
test, sorry
256
test, sorry
160
test, sorry
374
test, sorry
75
test, sorry
369
test, sorry
34
test, sorry
171
test, sorry
382
test, sorry
94
test, sorry
268
test, sorry
380
test, sorry
87
test, sorry
276
test, sorry
169
test, sorry
375
test, sorry
34
test, sorry
232
test, sorry
370
test, sorry
82
test, sorry
321
test, sorry
154
test, sorry
372
test, sorry
77
test, sorry
372
test, sorry
39
test, sorry
355
test, sorry
44
test, sorry
287
test, sorry
160
test, sorry
371
test, sorry
32
test, sorry
256
test, sorry
167
test, sorry
381
test, sorry
58
test, sorry
139
test, sorry
196
test, sorry
373
test, sorry
89
test, sorry
256
test, sorry
380
test, sorry
87
test, sorry
256
test, sorry
215
test, sorry
379
test, sorry
84
test, sorry
321
test, sorry
367
test, sorry
32
test, sorry
322
test, sorry
378
test, sorry
87
test, sorry
261
test, sorry
167
test, sorry
372
test, sorry
31
test, sorry
275
test, sorry
167
test, sorry
373
test, sorry
32
test, sorry
167
test, sorry
375
test, sorry
32
test, sorry
270
test, sorry
167
test, sorry
165
test, sorry
379
test, sorry
167
test, sorry
371
test, sorry
32
test, sorry
256
test, sorry
380
test, sorry
87
test, sorry
258
test, sorry
377
test, sorry
32
test, sorry
270
test, sorry
160
test, sorry
122
test, sorry
239
test, sorry
160
test, sorry
379
test, sorry
82
test, sorry
367
test, sorry
33
test, sorry
167
test, sorry
377
test, sorry
161
test, sorry
379
test, sorry
44
test, sorry
375
test, sorry
82
test, sorry
379
test, sorry
313
test, sorry
227
test, sorry
380
test, sorry
77
test, sorry
256
test, sorry
159
test, sorry
376
test, sorry
31
test, sorry
374
test, sorry
85
test, sorry
160
test, sorry
171
test, sorry
214
test, sorry
378
test, sorry
92
test, sorry
380
test, sorry
73
test, sorry
161
test, sorry
378
test, sorry
135
test, sorry
307
test, sorry
160
test, sorry
379
test, sorry
96
test, sorry
365
test, sorry
51
test, sorry
307
test, sorry
208
test, sorry
374
test, sorry
87
test, sorry
210
test, sorry
378
test, sorry
72
test, sorry
370
test, sorry
160
test, sorry
370
test, sorry
33
test, sorry
256
test, sorry
379
test, sorry
92
test, sorry
371
test, sorry
84
test, sorry
267
test, sorry
160
test, sorry
376
test, sorry
84
test, sorry
372
test, sorry
39
test, sorry
266
test, sorry
160
test, sorry
375
test, sorry
84
test, sorry
334
test, sorry
160
test, sorry
364
test, sorry
32
test, sorry
279
test, sorry
157
test, sorry
377
test, sorry
87
test, sorry
256
test, sorry
160
test, sorry
381
test, sorry
94
test, sorry
311
test, sorry
158
test, sorry
379
test, sorry
101
test, sorry
284
test, sorry
160
test, sorry
369
test, sorry
51
test, sorry
315
test, sorry
160
test, sorry
382
test, sorry
92
test, sorry
222
test, sorry
379
test, sorry
34
test, sorry
167
test, sorry
366
test, sorry
32
test, sorry
275
test, sorry
229
test, sorry
313
test, sorry
159
test, sorry
376
test, sorry
88
test, sorry
374
test, sorry
32
test, sorry
285
test, sorry
160
test, sorry
379
test, sorry
191
test, sorry
171
test, sorry
378
test, sorry
32
test, sorry
378
test, sorry
87
test, sorry
282
test, sorry
160
test, sorry
371
test, sorry
41
test, sorry
258
test, sorry
160
test, sorry
368
test, sorry
44
test, sorry
160
test, sorry
380
test, sorry
87
test, sorry
319
test, sorry
376
test, sorry
89
test, sorry
289
test, sorry
296
test, sorry
366
test, sorry
34
test, sorry
256
test, sorry
162
test, sorry
372
test, sorry
91
test, sorry
270
test, sorry
241
test, sorry
51
test, sorry
370
test, sorry
31
test, sorry
260
test, sorry
382
test, sorry
32
test, sorry
283
test, sorry
215
test, sorry
11
test, sorry
160
test, sorry
376
test, sorry
32
test, sorry
209
test, sorry
167
test, sorry
370
test, sorry
32
test, sorry
286
test, sorry
208
test, sorry
380
test, sorry
44
test, sorry
346
test, sorry
159
test, sorry
15
test, sorry
258
test, sorry
369
test, sorry
36
test, sorry
351
test, sorry
380
test, sorry
36
test, sorry
377
test, sorry
87
test, sorry
172
test, sorry
370
test, sorry
214
test, sorry
380
test, sorry
87
test, sorry
280
test, sorry
224
test, sorry
377
test, sorry
368
test, sorry
88
test, sorry
378
test, sorry
89
test, sorry
380
test, sorry
34
test, sorry
278
test, sorry
160
test, sorry
378
test, sorry
87
test, sorry
375
test, sorry
51
test, sorry
160
test, sorry
373
test, sorry
87
test, sorry
270
test, sorry
160
test, sorry
376
test, sorry
89
test, sorry
285
test, sorry
167
test, sorry
200
test, sorry
380
test, sorry
99
test, sorry
257
test, sorry
379
test, sorry
89
test, sorry
256
test, sorry
167
test, sorry
371
test, sorry
255
test, sorry
172
test, sorry
369
test, sorry
160
test, sorry
372
test, sorry
36
test, sorry
276
test, sorry
174
test, sorry
215
test, sorry
128
test, sorry
380
test, sorry
87
test, sorry
378
test, sorry
92
test, sorry
214
test, sorry
65
test, sorry
215
test, sorry
379
test, sorry
44
test, sorry
290
test, sorry
380
test, sorry
92
test, sorry
280
test, sorry
381
test, sorry
85
test, sorry
278
test, sorry
379
test, sorry
92
test, sorry
239
test, sorry
43
test, sorry
77
test, sorry
377
test, sorry
79
test, sorry
277
test, sorry
379
test, sorry
58
test, sorry
100
test, sorry
20
test, sorry
281
test, sorry
160
test, sorry
379
test, sorry
8
test, sorry
343
test, sorry
382
test, sorry
89
test, sorry
291
test, sorry
375
test, sorry
32
test, sorry
369
test, sorry
31
test, sorry
355
test, sorry
280
test, sorry
378
test, sorry
32
test, sorry
160
test, sorry
376
test, sorry
31
test, sorry
377
test, sorry
82
test, sorry
212
test, sorry
378
test, sorry
37
test, sorry
263
test, sorry
380
test, sorry
97
test, sorry
367
test, sorry
84
test, sorry
257
test, sorry
366
test, sorry
33
test, sorry
258
test, sorry
375
test, sorry
63
test, sorry
263
test, sorry
162
test, sorry
170
test, sorry
377
test, sorry
32
test, sorry
284
test, sorry
162
test, sorry
380
test, sorry
7
test, sorry
373
test, sorry
31
test, sorry
312
test, sorry
219
test, sorry
379
test, sorry
96
test, sorry
256
test, sorry
212
test, sorry
376
test, sorry
92
test, sorry
222
test, sorry
379
test, sorry
45
test, sorry
161
test, sorry
378
test, sorry
33
test, sorry
348
test, sorry
215
test, sorry
379
test, sorry
44
test, sorry
379
test, sorry
44
test, sorry
301
test, sorry
369
test, sorry
32
test, sorry
355
test, sorry
284
test, sorry
379
test, sorry
66
test, sorry
233
test, sorry
242
test, sorry
379
test, sorry
49
test, sorry
50
test, sorry
328
test, sorry
375
test, sorry
51
test, sorry
374
test, sorry
39
test, sorry
256
test, sorry
374
test, sorry
37
test, sorry
371
test, sorry
27
test, sorry
264
test, sorry
215
test, sorry
322
test, sorry
367
test, sorry
32
test, sorry
183
test, sorry
377
test, sorry
96
test, sorry
371
test, sorry
46
test, sorry
265
test, sorry
379
test, sorry
94
test, sorry
257
test, sorry
379
test, sorry
97
test, sorry
134
test, sorry
6
test, sorry
222
test, sorry
382
test, sorry
218
test, sorry
284
test, sorry
379
test, sorry
96
test, sorry
256
test, sorry
229
test, sorry
377
test, sorry
4
test, sorry
174
test, sorry
379
test, sorry
32
test, sorry
290
test, sorry
147
test, sorry
376
test, sorry
56
test, sorry
287
test, sorry
162
test, sorry
372
test, sorry
36
test, sorry
380
test, sorry
88
test, sorry
268
test, sorry
56
test, sorry
281
test, sorry
217
test, sorry
369
test, sorry
43
test, sorry
258
test, sorry
171
test, sorry
162
test, sorry
367
test, sorry
32
test, sorry
379
test, sorry
49
test, sorry
162
test, sorry
371
test, sorry
31
test, sorry
222
test, sorry
381
test, sorry
96
test, sorry
267
test, sorry
266
test, sorry
212
test, sorry
366
test, sorry
39
test, sorry
256
test, sorry
162
test, sorry
381
test, sorry
101
test, sorry
256
test, sorry
377
test, sorry
82
test, sorry
285
test, sorry
159
test, sorry
378
test, sorry
37
test, sorry
376
test, sorry
32
test, sorry
277
test, sorry
181
test, sorry
172
test, sorry
377
test, sorry
43
test, sorry
381
test, sorry
58
test, sorry
257
test, sorry
379
test, sorry
32
test, sorry
286
test, sorry
90
test, sorry
382
test, sorry
59
test, sorry
273
test, sorry
382
test, sorry
94
test, sorry
172
test, sorry
372
test, sorry
31
test, sorry
260
test, sorry
114
test, sorry
379
test, sorry
68
test, sorry
373
test, sorry
89
test, sorry
281
test, sorry
371
test, sorry
60
test, sorry
281
test, sorry
370
test, sorry
36
test, sorry
61
test, sorry
256
test, sorry
372
test, sorry
215
test, sorry
379
test, sorry
51
test, sorry
256
test, sorry
259
test, sorry
44
test, sorry
258
test, sorry
160
test, sorry
379
test, sorry
32
test, sorry
256
test, sorry
379
test, sorry
173
test, sorry
376
test, sorry
94
test, sorry
258
test, sorry
369
test, sorry
10
test, sorry
377
test, sorry
144
test, sorry
379
test, sorry
97
test, sorry
256
test, sorry
162
test, sorry
378
test, sorry
95
test, sorry
375
test, sorry
84
test, sorry
159
test, sorry
372
test, sorry
35
test, sorry
260
test, sorry
376
test, sorry
39
test, sorry
272
test, sorry
343
test, sorry
189
test, sorry
378
test, sorry
55
test, sorry
320
test, sorry
377
test, sorry
24
test, sorry
211
test, sorry
378
test, sorry
51
test, sorry
283
test, sorry
369
test, sorry
32
test, sorry
18
test, sorry
32
test, sorry
257
test, sorry
373
test, sorry
44
test, sorry
279
test, sorry
208
test, sorry
378
test, sorry
84
test, sorry
256
test, sorry
154
test, sorry
39
test, sorry
215
test, sorry
366
test, sorry
34
test, sorry
172
test, sorry
220
test, sorry
377
test, sorry
211
test, sorry
165
test, sorry
365
test, sorry
43
test, sorry
24
test, sorry
281
test, sorry
215
test, sorry
159
test, sorry
377
test, sorry
61
test, sorry
272
test, sorry
210
test, sorry
373
test, sorry
31
test, sorry
315
test, sorry
160
test, sorry
377
test, sorry
37
test, sorry
167
test, sorry
375
test, sorry
43
test, sorry
257
test, sorry
212
test, sorry
375
test, sorry
39
test, sorry
256
test, sorry
379
test, sorry
80
test, sorry
318
test, sorry
382
test, sorry
96
test, sorry
261
test, sorry
167
test, sorry
376
test, sorry
32
test, sorry
215
test, sorry
375
test, sorry
32
test, sorry
213
test, sorry
369
test, sorry
34
test, sorry
184
test, sorry
370
test, sorry
39
test, sorry
380
test, sorry
37
test, sorry
256
test, sorry
162
test, sorry
366
test, sorry
31
test, sorry
281
test, sorry
383
test, sorry
87
test, sorry
256
test, sorry
160
test, sorry
372
test, sorry
44
test, sorry
263
test, sorry
381
test, sorry
291
test, sorry
379
test, sorry
162
test, sorry
378
test, sorry
82
test, sorry
380
test, sorry
80
test, sorry
257
test, sorry
159
test, sorry
379
test, sorry
106
test, sorry
256
test, sorry
160
test, sorry
375
test, sorry
34
test, sorry
373
test, sorry
43
test, sorry
14
test, sorry
260
test, sorry
160
test, sorry
380
test, sorry
94
test, sorry
261
test, sorry
381
test, sorry
32
test, sorry
77
test, sorry
258
test, sorry
377
test, sorry
44
test, sorry
95
test, sorry
328
test, sorry
109
test, sorry
183
test, sorry
378
test, sorry
44
test, sorry
162
test, sorry
380
test, sorry
32
test, sorry
379
test, sorry
183
test, sorry
378
test, sorry
34
test, sorry
256
test, sorry
215
test, sorry
366
test, sorry
31
test, sorry
257
test, sorry
162
test, sorry
379
test, sorry
39
test, sorry
259
test, sorry
160
test, sorry
381
test, sorry
160
test, sorry
380
test, sorry
92
test, sorry
159
test, sorry
377
test, sorry
90
test, sorry
373
test, sorry
49
test, sorry
168
test, sorry
376
test, sorry
44
test, sorry
26
test, sorry
266
test, sorry
379
test, sorry
31
test, sorry
183
test, sorry
367
test, sorry
32
test, sorry
377
test, sorry
36
test, sorry
304
test, sorry
160
test, sorry
374
test, sorry
47
test, sorry
256
test, sorry
162
test, sorry
381
test, sorry
34
test, sorry
380
test, sorry
91
test, sorry
258
test, sorry
172
test, sorry
378
test, sorry
146
test, sorry
125
test, sorry
207
test, sorry
374
test, sorry
34
test, sorry
167
test, sorry
371
test, sorry
43
test, sorry
380
test, sorry
32
test, sorry
263
test, sorry
255
test, sorry
160
test, sorry
379
test, sorry
89
test, sorry
256
test, sorry
157
test, sorry
159
test, sorry
377
test, sorry
91
test, sorry
256
test, sorry
164
test, sorry
378
test, sorry
225
test, sorry
368
test, sorry
35
test, sorry
263
test, sorry
383
test, sorry
160
test, sorry
378
test, sorry
165
test, sorry
217
test, sorry
215
test, sorry
380
test, sorry
43
test, sorry
159
test, sorry
171
test, sorry
377
test, sorry
84
test, sorry
160
test, sorry
376
test, sorry
33
test, sorry
379
test, sorry
67
test, sorry
226
test, sorry
385
test, sorry
118
test, sorry
371
test, sorry
34
test, sorry
257
test, sorry
160
test, sorry
380
test, sorry
92
test, sorry
217
test, sorry
164
test, sorry
380
test, sorry
55
test, sorry
257
test, sorry
165
test, sorry
379
test, sorry
171
test, sorry
374
test, sorry
92
test, sorry
256
test, sorry
160
test, sorry
156
test, sorry
379
test, sorry
48
test, sorry
256
test, sorry
159
test, sorry
376
test, sorry
31
test, sorry
157
test, sorry
160
test, sorry
369
test, sorry
167
test, sorry
81
test, sorry
256
test, sorry
160
test, sorry
371
test, sorry
34
test, sorry
314
test, sorry
368
test, sorry
34
test, sorry
167
test, sorry
376
test, sorry
39
test, sorry
284
test, sorry
160
test, sorry
379
test, sorry
33
test, sorry
354
test, sorry
213
test, sorry
167
test, sorry
377
test, sorry
160
test, sorry
375
test, sorry
317
test, sorry
173
test, sorry
376
test, sorry
37
test, sorry
370
test, sorry
160
test, sorry
370
test, sorry
46
test, sorry
159
test, sorry
363
test, sorry
32
test, sorry
160
test, sorry
378
test, sorry
160
test, sorry
380
test, sorry
160
test, sorry
380
test, sorry
301
test, sorry
380
test, sorry
58
test, sorry
160
test, sorry
378
test, sorry
36
test, sorry
371
test, sorry
84
test, sorry
163
test, sorry
376
test, sorry
173
test, sorry
337
test, sorry
179
test, sorry
381
test, sorry
42
test, sorry
291
test, sorry
208
test, sorry
159
test, sorry
376
test, sorry
160
test, sorry
381
test, sorry
160
test, sorry
176
test, sorry
362
test, sorry
36
test, sorry
382
test, sorry
160
test, sorry
380
test, sorry
91
test, sorry
377
test, sorry
87
test, sorry
172
test, sorry
371
test, sorry
35
test, sorry
257
test, sorry
160
test, sorry
379
test, sorry
191
test, sorry
381
test, sorry
92
test, sorry
160
test, sorry
377
test, sorry
92
test, sorry
317
test, sorry
160
test, sorry
94
test, sorry
174
test, sorry
377
test, sorry
87
test, sorry
283
test, sorry
163
test, sorry
380
test, sorry
95
test, sorry
256
test, sorry
380
test, sorry
44
test, sorry
276
test, sorry
160
test, sorry
380
test, sorry
87
test, sorry
160
test, sorry
378
test, sorry
87
test, sorry
376
test, sorry
92
test, sorry
369
test, sorry
36
test, sorry
256
test, sorry
379
test, sorry
94
test, sorry
256
test, sorry
373
test, sorry
36
test, sorry
259
test, sorry
374
test, sorry
342
test, sorry
165
test, sorry
378
test, sorry
29
test, sorry
256
test, sorry
171
test, sorry
381
test, sorry
91
test, sorry
160
test, sorry
373
test, sorry
68
test, sorry
167
test, sorry
375
test, sorry
44
test, sorry
160
test, sorry
377
test, sorry
171
test, sorry
382
test, sorry
101
test, sorry
256
test, sorry
160
test, sorry
379
test, sorry
274
test, sorry
160
test, sorry
376
test, sorry
51
test, sorry
375
test, sorry
306
test, sorry
171
test, sorry
372
test, sorry
160
test, sorry
376
test, sorry
39
test, sorry
377
test, sorry
85
test, sorry
263
test, sorry
176
test, sorry
167
test, sorry
376
test, sorry
37
test, sorry
159
test, sorry
378
test, sorry
36
test, sorry
375
test, sorry
36
test, sorry
378
test, sorry
82
test, sorry
167
test, sorry
378
test, sorry
94
test, sorry
160
test, sorry
380
test, sorry
89
test, sorry
174
test, sorry
381
test, sorry
91
test, sorry
256
test, sorry
162
test, sorry
171
test, sorry
368
test, sorry
82
test, sorry
159
test, sorry
379
test, sorry
88
test, sorry
377
test, sorry
31
test, sorry
171
test, sorry
378
test, sorry
44
test, sorry
256
test, sorry
222
test, sorry
167
test, sorry
379
test, sorry
56
test, sorry
376
test, sorry
85
test, sorry
379
test, sorry
89
test, sorry
256
test, sorry
222
test, sorry
381
test, sorry
333
test, sorry
160
test, sorry
380
test, sorry
36
test, sorry
223
test, sorry
380
test, sorry
80
test, sorry
380
test, sorry
162
test, sorry
380
test, sorry
32
test, sorry
163
test, sorry
172
test, sorry
382
test, sorry
92
test, sorry
157
test, sorry
373
test, sorry
32
test, sorry
257
test, sorry
163
test, sorry
172
test, sorry
378
test, sorry
96
test, sorry
168
test, sorry
172
test, sorry
373
test, sorry
84
test, sorry
256
test, sorry
359
test, sorry
36
test, sorry
379
test, sorry
34
test, sorry
268
test, sorry
162
test, sorry
381
test, sorry
60
test, sorry
380
test, sorry
34
test, sorry
380
test, sorry
94
test, sorry
162
test, sorry
379
test, sorry
279
test, sorry
360
test, sorry
111
test, sorry
163
test, sorry
376
test, sorry
34
test, sorry
378
test, sorry
36
test, sorry
377
test, sorry
87
test, sorry
378
test, sorry
96
test, sorry
256
test, sorry
162
test, sorry
374
test, sorry
87
test, sorry
261
test, sorry
162
test, sorry
379
test, sorry
39
test, sorry
375
test, sorry
39
test, sorry
161
test, sorry
172
test, sorry
372
test, sorry
75
test, sorry
374
test, sorry
87
test, sorry
176
test, sorry
383
test, sorry
97
test, sorry
257
test, sorry
333
test, sorry
157
test, sorry
222
test, sorry
377
test, sorry
44
test, sorry
378
test, sorry
52
test, sorry
62
test, sorry
162
test, sorry
376
test, sorry
44
test, sorry
379
test, sorry
51
test, sorry
11
test, sorry
222
test, sorry
159
test, sorry
172
test, sorry
162
test, sorry
144
test, sorry
378
test, sorry
28
test, sorry
111
test, sorry
162
test, sorry
172
test, sorry
373
test, sorry
80
test, sorry
164
test, sorry
377
test, sorry
294
test, sorry
375
test, sorry
31
test, sorry
353
test, sorry
383
test, sorry
39
test, sorry
256
test, sorry
382
test, sorry
49
test, sorry
380
test, sorry
39
test, sorry
379
test, sorry
32
test, sorry
277
test, sorry
376
test, sorry
91
test, sorry
375
test, sorry
94
test, sorry
265
test, sorry
379
test, sorry
87
test, sorry
167
test, sorry
162
test, sorry
380
test, sorry
32
test, sorry
205
test, sorry
370
test, sorry
36
test, sorry
378
test, sorry
82
test, sorry
172
test, sorry
145
test, sorry
162
test, sorry
368
test, sorry
32
test, sorry
366
test, sorry
222
test, sorry
372
test, sorry
35
test, sorry
259
test, sorry
162
test, sorry
379
test, sorry
98
test, sorry
377
test, sorry
246
test, sorry
162
test, sorry
19
test, sorry
33
test, sorry
377
test, sorry
94
test, sorry
256
test, sorry
162
test, sorry
380
test, sorry
63
test, sorry
283
test, sorry
172
test, sorry
370
test, sorry
31
test, sorry
372
test, sorry
55
test, sorry
257
test, sorry
369
test, sorry
39
test, sorry
162
test, sorry
374
test, sorry
87
test, sorry
384
test, sorry
87
test, sorry
256
test, sorry
145
test, sorry
258
test, sorry
379
test, sorry
31
test, sorry
285
test, sorry
373
test, sorry
35
test, sorry
256
test, sorry
219
test, sorry
380
test, sorry
44
test, sorry
369
test, sorry
32
test, sorry
256
test, sorry
222
test, sorry
378
test, sorry
87
test, sorry
380
test, sorry
35
test, sorry
42
test, sorry
259
test, sorry
172
test, sorry
378
test, sorry
87
test, sorry
257
test, sorry
330
test, sorry
162
test, sorry
380
test, sorry
32
test, sorry
256
test, sorry
162
test, sorry
380
test, sorry
82
test, sorry
257
test, sorry
239
test, sorry
162
test, sorry
120
test, sorry
32
test, sorry
379
test, sorry
16
test, sorry
144
test, sorry
220
test, sorry
162
test, sorry
215
test, sorry
373
test, sorry
215
test, sorry
381
test, sorry
118
test, sorry
324
test, sorry
375
test, sorry
353
test, sorry
373
test, sorry
31
test, sorry
258
test, sorry
386
test, sorry
96
test, sorry
377
test, sorry
169
test, sorry
340
test, sorry
162
test, sorry
256
test, sorry
376
test, sorry
97
test, sorry
217
test, sorry
377
test, sorry
38
test, sorry
256
test, sorry
337
test, sorry
378
test, sorry
51
test, sorry
368
test, sorry
39
test, sorry
347
test, sorry
380
test, sorry
32
test, sorry
2
test, sorry
381
test, sorry
51
test, sorry
378
test, sorry
172
test, sorry
371
test, sorry
34
test, sorry
215
test, sorry
379
test, sorry
38
test, sorry
259
test, sorry
362
test, sorry
34
test, sorry
260
test, sorry
380
test, sorry
36
test, sorry
267
test, sorry
373
test, sorry
40
test, sorry
256
test, sorry
374
test, sorry
85
test, sorry
277
test, sorry
219
test, sorry
164
test, sorry
46
test, sorry
291
test, sorry
378
test, sorry
37
test, sorry
257
test, sorry
162
test, sorry
366
test, sorry
36
test, sorry
215
test, sorry
355
test, sorry
267
test, sorry
164
test, sorry
375
test, sorry
39
test, sorry
380
test, sorry
85
test, sorry
377
test, sorry
80
test, sorry
378
test, sorry
46
test, sorry
256
test, sorry
172
test, sorry
380
test, sorry
49
test, sorry
164
test, sorry
377
test, sorry
91
test, sorry
256
test, sorry
373
test, sorry
34
test, sorry
256
test, sorry
375
test, sorry
34
test, sorry
166
test, sorry
378
test, sorry
36
test, sorry
260
test, sorry
356
test, sorry
32
test, sorry
167
test, sorry
215
test, sorry
381
test, sorry
92
test, sorry
257
test, sorry
220
test, sorry
164
test, sorry
177
test, sorry
164
test, sorry
165
test, sorry
339
test, sorry
379
test, sorry
44
test, sorry
259
test, sorry
179
test, sorry
378
test, sorry
164
test, sorry
379
test, sorry
39
test, sorry
379
test, sorry
87
test, sorry
256
test, sorry
222
test, sorry
375
test, sorry
32
test, sorry
257
test, sorry
162
test, sorry
379
test, sorry
63
test, sorry
259
test, sorry
372
test, sorry
39
test, sorry
106
test, sorry
342
test, sorry
220
test, sorry
381
test, sorry
261
test, sorry
215
test, sorry
376
test, sorry
46
test, sorry
256
test, sorry
32
test, sorry
261
test, sorry
164
test, sorry
376
test, sorry
34
test, sorry
381
test, sorry
138
test, sorry
215
test, sorry
222
test, sorry
162
test, sorry
92
test, sorry
257
test, sorry
9
test, sorry
164
test, sorry
167
test, sorry
376
test, sorry
32
test, sorry
162
test, sorry
382
test, sorry
99
test, sorry
215
test, sorry
38
test, sorry
215
test, sorry
371
test, sorry
34
test, sorry
378
test, sorry
96
test, sorry
280
test, sorry
10
test, sorry
215
test, sorry
364
test, sorry
31
test, sorry
277
test, sorry
220
test, sorry
371
test, sorry
99
test, sorry
164
test, sorry
9
test, sorry
257
test, sorry
167
test, sorry
215
test, sorry
382
test, sorry
95
test, sorry
160
test, sorry
380
test, sorry
46
test, sorry
257
test, sorry
378
test, sorry
100
test, sorry
256
test, sorry
215
test, sorry
380
test, sorry
34
test, sorry
162
test, sorry
374
test, sorry
34
test, sorry
256
test, sorry
164
test, sorry
372
test, sorry
101
test, sorry
267
test, sorry
379
test, sorry
54
test, sorry
331
test, sorry
304
test, sorry
61
test, sorry
256
test, sorry
379
test, sorry
44
test, sorry
170
test, sorry
162
test, sorry
372
test, sorry
50
test, sorry
380
test, sorry
32
test, sorry
260
test, sorry
150
test, sorry
172
test, sorry
376
test, sorry
92
test, sorry
355
test, sorry
259
test, sorry
378
test, sorry
93
test, sorry
310
test, sorry
65
test, sorry
376
test, sorry
58
test, sorry
361
test, sorry
35
test, sorry
276
test, sorry
160
test, sorry
378
test, sorry
87
test, sorry
267
test, sorry
224
test, sorry
383
test, sorry
101
test, sorry
160
test, sorry
363
test, sorry
160
test, sorry
374
test, sorry
39
test, sorry
160
test, sorry
377
test, sorry
36
test, sorry
164
test, sorry
371
test, sorry
37
test, sorry
269
test, sorry
208
test, sorry
164
test, sorry
382
test, sorry
97
test, sorry
256
test, sorry
35
test, sorry
256
test, sorry
378
test, sorry
160
test, sorry
218
test, sorry
167
test, sorry
378
test, sorry
32
test, sorry
256
test, sorry
38
test, sorry
160
test, sorry
378
test, sorry
92
test, sorry
160
test, sorry
381
test, sorry
152
test, sorry
368
test, sorry
39
test, sorry
258
test, sorry
370
test, sorry
33
test, sorry
257
test, sorry
160
test, sorry
380
test, sorry
87
test, sorry
160
test, sorry
376
test, sorry
87
test, sorry
330
test, sorry
217
test, sorry
167
test, sorry
378
test, sorry
159
test, sorry
96
test, sorry
377
test, sorry
87
test, sorry
160
test, sorry
380
test, sorry
160
test, sorry
377
test, sorry
34
test, sorry
179
test, sorry
377
test, sorry
148
test, sorry
167
test, sorry
375
test, sorry
160
test, sorry
378
test, sorry
39
test, sorry
167
test, sorry
377
test, sorry
389
test, sorry
43
test, sorry
355
test, sorry
337
test, sorry
374
test, sorry
44
test, sorry
355
test, sorry
309
test, sorry
160
test, sorry
379
test, sorry
36
test, sorry
167
test, sorry
379
test, sorry
200
test, sorry
235
test, sorry
167
test, sorry
162
test, sorry
378
test, sorry
341
test, sorry
157
test, sorry
167
test, sorry
376
test, sorry
34
test, sorry
183
test, sorry
215
test, sorry
380
test, sorry
44
test, sorry
370
test, sorry
31
test, sorry
256
test, sorry
366
test, sorry
34
test, sorry
256
test, sorry
167
test, sorry
378
test, sorry
32
test, sorry
140
test, sorry
214
test, sorry
191
test, sorry
256
test, sorry
379
test, sorry
44
test, sorry
32
test, sorry
256
test, sorry
167
test, sorry
160
test, sorry
107
test, sorry
382
test, sorry
92
test, sorry
259
test, sorry
160
test, sorry
175
test, sorry
377
test, sorry
192
test, sorry
160
test, sorry
372
test, sorry
160
test, sorry
377
test, sorry
34
test, sorry
256
test, sorry
167
test, sorry
375
test, sorry
36
test, sorry
256
test, sorry
160
test, sorry
124
test, sorry
160
test, sorry
260
test, sorry
378
test, sorry
34
test, sorry
210
test, sorry
160
test, sorry
379
test, sorry
35
test, sorry
256
test, sorry
160
test, sorry
376
test, sorry
160
test, sorry
160
test, sorry
166
test, sorry
130
test, sorry
159
test, sorry
380
test, sorry
120
test, sorry
160
test, sorry
376
test, sorry
41
test, sorry
378
test, sorry
33
test, sorry
129
test, sorry
378
test, sorry
32
test, sorry
256
test, sorry
380
test, sorry
32
test, sorry
256
test, sorry
223
test, sorry
160
test, sorry
379
test, sorry
92
test, sorry
376
test, sorry
32
test, sorry
256
test, sorry
379
test, sorry
92
test, sorry
256
test, sorry
160
test, sorry
160
test, sorry
160
test, sorry
166
test, sorry
225
test, sorry
213
test, sorry
380
test, sorry
92
test, sorry
155
test, sorry
157
test, sorry
167
test, sorry
289
test, sorry
69
test, sorry
257
test, sorry
369
test, sorry
35
test, sorry
374
test, sorry
34
test, sorry
381
test, sorry
94
test, sorry
258
test, sorry
159
test, sorry
337
test, sorry
162
test, sorry
337
test, sorry
167
test, sorry
191
test, sorry
160
test, sorry
265
test, sorry
191
test, sorry
162
test, sorry
343
test, sorry
159
test, sorry
378
test, sorry
32
test, sorry
256
test, sorry
380
test, sorry
32
test, sorry
160
test, sorry
373
test, sorry
31
test, sorry
252
test, sorry
379
test, sorry
70
test, sorry
377
test, sorry
36
test, sorry
326
test, sorry
164
test, sorry
370
test, sorry
159
test, sorry
375
test, sorry
37
test, sorry
262
test, sorry
160
test, sorry
258
test, sorry
159
test, sorry
375
test, sorry
34
test, sorry
160
test, sorry
271
test, sorry
381
test, sorry
2
test, sorry
356
test, sorry
34
test, sorry
371
test, sorry
32
test, sorry
218
test, sorry
259
test, sorry
160
test, sorry
308
test, sorry
160
test, sorry
372
test, sorry
160
test, sorry
172
test, sorry
167
test, sorry
373
test, sorry
181
test, sorry
259
test, sorry
298
test, sorry
378
test, sorry
37
test, sorry
256
test, sorry
339
test, sorry
379
test, sorry
44
test, sorry
19
test, sorry
82
test, sorry
260
test, sorry
372
test, sorry
137
test, sorry
174
test, sorry
374
test, sorry
38
test, sorry
257
test, sorry
165
test, sorry
379
test, sorry
39
test, sorry
218
test, sorry
27
test, sorry
378
test, sorry
80
test, sorry
245
test, sorry
379
test, sorry
38
test, sorry
257
test, sorry
162
test, sorry
378
test, sorry
53
test, sorry
376
test, sorry
92
test, sorry
256
test, sorry
162
test, sorry
160
test, sorry
262
test, sorry
162
test, sorry
167
test, sorry
162
test, sorry
374
test, sorry
32
test, sorry
257
test, sorry
162
test, sorry
376
test, sorry
32
test, sorry
269
test, sorry
379
test, sorry
84
test, sorry
256
test, sorry
162
test, sorry
376
test, sorry
34
test, sorry
375
test, sorry
39
test, sorry
257
test, sorry
162
test, sorry
260
test, sorry
162
test, sorry
365
test, sorry
284
test, sorry
166
test, sorry
262
test, sorry
377
test, sorry
59
test, sorry
256
test, sorry
167
test, sorry
374
test, sorry
44
test, sorry
257
test, sorry
167
test, sorry
256
test, sorry
377
test, sorry
34
test, sorry
162
test, sorry
379
test, sorry
362
test, sorry
32
test, sorry
256
test, sorry
375
test, sorry
54
test, sorry
160
test, sorry
375
test, sorry
32
test, sorry
256
test, sorry
376
test, sorry
34
test, sorry
162
test, sorry
303
test, sorry
368
test, sorry
35
test, sorry
378
test, sorry
87
test, sorry
376
test, sorry
33
test, sorry
374
test, sorry
101
test, sorry
378
test, sorry
92
test, sorry
355
test, sorry
344
test, sorry
375
test, sorry
32
test, sorry
378
test, sorry
37
test, sorry
285
test, sorry
5
test, sorry
281
test, sorry
14
test, sorry
166
test, sorry
377
test, sorry
359
test, sorry
149
test, sorry
372
test, sorry
34
test, sorry
288
test, sorry
375
test, sorry
82
test, sorry
377
test, sorry
87
test, sorry
256
test, sorry
373
test, sorry
40
test, sorry
50
test, sorry
286
test, sorry
160
test, sorry
167
test, sorry
162
test, sorry
375
test, sorry
32
test, sorry
256
test, sorry
381
test, sorry
89
test, sorry
380
test, sorry
100
test, sorry
280
test, sorry
162
test, sorry
366
test, sorry
92
test, sorry
380
test, sorry
92
test, sorry
297
test, sorry
378
test, sorry
60
test, sorry
259
test, sorry
368
test, sorry
39
test, sorry
286
test, sorry
162
test, sorry
286
test, sorry
162
test, sorry
30
test, sorry
162
test, sorry
375
test, sorry
33
test, sorry
160
test, sorry
229
test, sorry
259
test, sorry
378
test, sorry
248
test, sorry
162
test, sorry
321
test, sorry
377
test, sorry
89
test, sorry
256
test, sorry
372
test, sorry
94
test, sorry
256
test, sorry
147
test, sorry
39
test, sorry
282
test, sorry
156
test, sorry
320
test, sorry
373
test, sorry
36
test, sorry
380
test, sorry
96
test, sorry
258
test, sorry
162
test, sorry
172
test, sorry
277
test, sorry
162
test, sorry
271
test, sorry
172
test, sorry
370
test, sorry
366
test, sorry
92
test, sorry
378
test, sorry
32
test, sorry
182
test, sorry
162
test, sorry
375
test, sorry
32
test, sorry
379
test, sorry
46
test, sorry
256
test, sorry
380
test, sorry
91
test, sorry
266
test, sorry
162
test, sorry
344
test, sorry
378
test, sorry
46
test, sorry
172
test, sorry
257
test, sorry
369
test, sorry
32
test, sorry
93
test, sorry
256
test, sorry
314
test, sorry
377
test, sorry
44
test, sorry
256
test, sorry
336
test, sorry
162
test, sorry
378
test, sorry
34
test, sorry
257
test, sorry
378
test, sorry
31
test, sorry
260
test, sorry
357
test, sorry
99
test, sorry
270
test, sorry
380
test, sorry
94
test, sorry
294
test, sorry
165
test, sorry
256
test, sorry
370
test, sorry
34
test, sorry
257
test, sorry
166
test, sorry
284
test, sorry
215
test, sorry
379
test, sorry
37
test, sorry
185
test, sorry
256
test, sorry
34
test, sorry
377
test, sorry
34
test, sorry
288
test, sorry
377
test, sorry
92
test, sorry
355
test, sorry
302
test, sorry
375
test, sorry
36
test, sorry
163
test, sorry
162
test, sorry
98
test, sorry
266
test, sorry
382
test, sorry
268
test, sorry
162
test, sorry
70
test, sorry
257
test, sorry
369
test, sorry
45
test, sorry
259
test, sorry
376
test, sorry
92
test, sorry
259
test, sorry
162
test, sorry
163
test, sorry
312
test, sorry
165
test, sorry
370
test, sorry
87
test, sorry
256
test, sorry
162
test, sorry
258
test, sorry
374
test, sorry
34
test, sorry
374
test, sorry
51
test, sorry
343
test, sorry
377
test, sorry
46
test, sorry
379
test, sorry
37
test, sorry
338
test, sorry
220
test, sorry
299
test, sorry
379
test, sorry
89
test, sorry
260
test, sorry
376
test, sorry
96
test, sorry
323
test, sorry
162
test, sorry
172
test, sorry
317
test, sorry
344
test, sorry
336
test, sorry
368
test, sorry
46
test, sorry
375
test, sorry
87
test, sorry
338
test, sorry
366
test, sorry
63
test, sorry
259
test, sorry
375
test, sorry
83
test, sorry
258
test, sorry
162
test, sorry
290
test, sorry
278
test, sorry
368
test, sorry
31
test, sorry
261
test, sorry
364
test, sorry
59
test, sorry
256
test, sorry
162
test, sorry
142
test, sorry
372
test, sorry
88
test, sorry
256
test, sorry
162
test, sorry
377
test, sorry
39
test, sorry
381
test, sorry
72
test, sorry
280
test, sorry
162
test, sorry
279
test, sorry
370
test, sorry
34
test, sorry
298
test, sorry
193
test, sorry
172
test, sorry
296
test, sorry
162
test, sorry
256
test, sorry
172
test, sorry
257
test, sorry
371
test, sorry
32
test, sorry
172
test, sorry
274
test, sorry
162
test, sorry
372
test, sorry
49
test, sorry
257
test, sorry
360
test, sorry
43
test, sorry
266
test, sorry
172
test, sorry
157
test, sorry
220
test, sorry
257
test, sorry
368
test, sorry
32
test, sorry
256
test, sorry
376
test, sorry
34
test, sorry
289
test, sorry
162
test, sorry
188
test, sorry
258
test, sorry
378
test, sorry
38
test, sorry
389
test, sorry
62
test, sorry
375
test, sorry
39
test, sorry
260
test, sorry
220
test, sorry
380
test, sorry
39
test, sorry
312
test, sorry
162
test, sorry
363
test, sorry
32
test, sorry
304
test, sorry
367
test, sorry
60
test, sorry
326
test, sorry
369
test, sorry
38
test, sorry
341
test, sorry
374
test, sorry
70
test, sorry
316
test, sorry
376
test, sorry
39
test, sorry
334
test, sorry
371
test, sorry
32
test, sorry
259
test, sorry
375
test, sorry
39
test, sorry
257
test, sorry
369
test, sorry
34
test, sorry
256
test, sorry
160
test, sorry
146
test, sorry
263
test, sorry
160
test, sorry
319
test, sorry
369
test, sorry
160
test, sorry
363
test, sorry
34
test, sorry
212
test, sorry
89
test, sorry
237
test, sorry
293
test, sorry
162
test, sorry
163
test, sorry
374
info removed pitch: 98
info removed pitch: 99
info removed pitch: 92
info removed pitch: 62
info removed pitch: 7
info removed pitch: 40
info removed pitch: 33
info removed pitch: 79
info removed pitch: 39
info removed pitch: 36
info removed pitch: 99
info removed pitch: 89
info removed pitch: 107
info removed pitch: 5
info removed pitch: 106
info removed pitch: 91
info removed pitch: 54
info removed pitch: 12
info removed pitch: 45
info removed pitch: 22
info removed pitch: 11
info removed pitch: 24
info removed pitch: 42
info removed pitch: 11
info removed pitch: 42
info removed pitch: 7
info removed pitch: 88
info removed pitch: 104
info removed pitch: 5
info removed pitch: 88
info removed pitch: 6
info removed pitch: 102
info removed pitch: 88
info removed pitch: 122
info removed pitch: 6
info removed pitch: 6
info removed pitch: 118
info removed pitch: 12
info removed pitch: 7
info removed pitch: 104
info removed pitch: 26
info removed pitch: 11
info removed pitch: 7
info removed pitch: 0
info removed pitch: 105
info removed pitch: 114
info removed pitch: 6
info removed pitch: 19
info removed pitch: 26
info removed pitch: 22
info removed pitch: 107
info removed pitch: 12
info removed pitch: 1
info removed pitch: 117
info removed pitch: 21
Traceback (most recent call last):
  File "/mnt/gpid07/imatge/pau.lozano/tfg/PauTransformer/MusicTransformer-pytorch/generate.py", line 58, in <module>
    decode_midi(result, file_path=config.save_path)
  File "/mnt/gpid07/imatge/pau.lozano/tfg/PauTransformer/MusicTransformer-pytorch/midi_processor/processor.py", line 252, in decode_midi
    mid.write(file_path)
  File "/mnt/gpid07/imatge/pau.lozano/envtfg/lib/python3.9/site-packages/pretty_midi/pretty_midi.py", line 1369, in write
    track.append(mido.Message(
  File "/mnt/gpid07/imatge/pau.lozano/envtfg/lib/python3.9/site-packages/mido/messages/messages.py", line 114, in __init__
    check_msgdict(msgdict)
  File "/mnt/gpid07/imatge/pau.lozano/envtfg/lib/python3.9/site-packages/mido/messages/checks.py", line 99, in check_msgdict
    check_value(name, value)
  File "/mnt/gpid07/imatge/pau.lozano/envtfg/lib/python3.9/site-packages/mido/messages/checks.py", line 86, in check_value
    _CHECKS[name](value)
  File "/mnt/gpid07/imatge/pau.lozano/envtfg/lib/python3.9/site-packages/mido/messages/checks.py", line 58, in check_data_byte
    raise ValueError('data byte must be in range 0..127')
ValueError: data byte must be in range 0..127
